<?xml version="1.0" encoding="UTF-8"?>
<testng-results skipped="0" failed="0" total="1" passed="1">
  <reporter-output>
  </reporter-output>
  <suite name="Default suite" duration-ms="11819" started-at="2020-07-18T04:01:35Z" finished-at="2020-07-18T04:01:47Z">
    <groups>
    </groups>
    <test name="Default test" duration-ms="11819" started-at="2020-07-18T04:01:35Z" finished-at="2020-07-18T04:01:47Z">
      <class name="com.qa.hubspot.tests.LoginPageTest">
        <test-method status="PASS" signature="setUp()[pri:0, instance:com.qa.hubspot.tests.LoginPageTest@3498ed]" name="setUp" is-config="true" duration-ms="4702" started-at="2020-07-18T00:01:35Z" finished-at="2020-07-18T00:01:39Z">
          <reporter-output>
          </reporter-output>
        </test-method> <!-- setUp -->
        <test-method status="PASS" signature="verifyPageTitleTest()[pri:1, instance:com.qa.hubspot.tests.LoginPageTest@3498ed]" name="verifyPageTitleTest" duration-ms="6859" started-at="2020-07-18T00:01:39Z" description="get page title as HubSpot Login" finished-at="2020-07-18T00:01:46Z">
          <reporter-output>
          </reporter-output>
        </test-method> <!-- verifyPageTitleTest -->
        <test-method status="PASS" signature="tearDown()[pri:0, instance:com.qa.hubspot.tests.LoginPageTest@3498ed]" name="tearDown" is-config="true" duration-ms="241" started-at="2020-07-18T00:01:46Z" finished-at="2020-07-18T00:01:47Z">
          <reporter-output>
          </reporter-output>
        </test-method> <!-- tearDown -->
      </class> <!-- com.qa.hubspot.tests.LoginPageTest -->
    </test> <!-- Default test -->
  </suite> <!-- Default suite -->
</testng-results>
