<?xml version="1.0" encoding="UTF-8"?>
<!-- Generated by org.testng.reporters.JUnitXMLReporter -->
<testsuite hostname="Sezers-Mac-mini" ignored="3" name="Default test" tests="5" failures="0" timestamp="15 Jul 2020 17:10:53 GMT" time="55.583" errors="0">
  <testcase name="login_invalidTestCase" time="16.574" classname="com.qa.hubspot.tests.LoginPageTest"/>
  <testcase name="login_invalidTestCase" time="8.456" classname="com.qa.hubspot.tests.LoginPageTest"/>
  <testcase name="login_invalidTestCase" time="7.611" classname="com.qa.hubspot.tests.LoginPageTest"/>
  <testcase name="login_invalidTestCase" time="7.432" classname="com.qa.hubspot.tests.LoginPageTest"/>
  <testcase name="login_invalidTestCase" time="6.366" classname="com.qa.hubspot.tests.LoginPageTest"/>
  <testcase name="verifyPageTitleTest" time="0.0" classname="com.qa.hubspot.tests.LoginPageTest">
    <ignored/>
  </testcase> <!-- verifyPageTitleTest -->
  <testcase name="verifySignUpLink" time="0.0" classname="com.qa.hubspot.tests.LoginPageTest">
    <ignored/>
  </testcase> <!-- verifySignUpLink -->
  <testcase name="loginTest" time="0.0" classname="com.qa.hubspot.tests.LoginPageTest">
    <ignored/>
  </testcase> <!-- loginTest -->
</testsuite> <!-- Default test -->
